  main.cpp
  ofApp.cpp
C:\Users\maxch\OneDrive\Documents\IMD\2024-2025\Sensor-Based Interaction\of_v0.12.0_vs_release\of_v0.12.0_vs_release\libs\openFrameworks\math\ofMatrix4x4.h(326,20): warning C4267: 'argument': conversion from 'size_t' to 'int', possible loss of data
  (compiling source file 'src/ofApp.cpp')
  
C:\Users\maxch\OneDrive\Documents\IMD\2024-2025\Sensor-Based Interaction\of_v0.12.0_vs_release\of_v0.12.0_vs_release\libs\openFrameworks\math\ofMatrix4x4.h(331,20): warning C4267: 'argument': conversion from 'size_t' to 'int', possible loss of data
  (compiling source file 'src/ofApp.cpp')
  
C:\Users\maxch\OneDrive\Documents\IMD\2024-2025\Sensor-Based Interaction\of_v0.12.0_vs_release\of_v0.12.0_vs_release\libs\openFrameworks\math\ofMatrix4x4.h(912,11): warning C4267: 'argument': conversion from 'size_t' to 'int', possible loss of data
  (compiling source file 'src/ofApp.cpp')
  
C:\Users\maxch\OneDrive\Documents\IMD\2024-2025\Sensor-Based Interaction\of_v0.12.0_vs_release\of_v0.12.0_vs_release\libs\openFrameworks\math\ofMatrix4x4.h(913,11): warning C4267: 'argument': conversion from 'size_t' to 'int', possible loss of data
  (compiling source file 'src/ofApp.cpp')
  
C:\Users\maxch\OneDrive\Documents\IMD\2024-2025\Sensor-Based Interaction\of_v0.12.0_vs_release\of_v0.12.0_vs_release\libs\openFrameworks\math\ofMatrix4x4.h(914,11): warning C4267: 'argument': conversion from 'size_t' to 'int', possible loss of data
  (compiling source file 'src/ofApp.cpp')
  
C:\Users\maxch\OneDrive\Documents\IMD\2024-2025\Sensor-Based Interaction\of_v0.12.0_vs_release\of_v0.12.0_vs_release\libs\openFrameworks\math\ofMatrix4x4.h(915,11): warning C4267: 'argument': conversion from 'size_t' to 'int', possible loss of data
  (compiling source file 'src/ofApp.cpp')
  
C:\Users\maxch\OneDrive\Documents\IMD\2024-2025\Sensor-Based Interaction\of_v0.12.0_vs_release\of_v0.12.0_vs_release\libs\openFrameworks\math\ofMatrix4x4.h(326,20): warning C4267: 'argument': conversion from 'size_t' to 'int', possible loss of data
  (compiling source file 'src/main.cpp')
  
C:\Users\maxch\OneDrive\Documents\IMD\2024-2025\Sensor-Based Interaction\of_v0.12.0_vs_release\of_v0.12.0_vs_release\libs\openFrameworks\math\ofMatrix4x4.h(331,20): warning C4267: 'argument': conversion from 'size_t' to 'int', possible loss of data
  (compiling source file 'src/main.cpp')
  
C:\Users\maxch\OneDrive\Documents\IMD\2024-2025\Sensor-Based Interaction\of_v0.12.0_vs_release\of_v0.12.0_vs_release\libs\openFrameworks\math\ofMatrix4x4.h(912,11): warning C4267: 'argument': conversion from 'size_t' to 'int', possible loss of data
  (compiling source file 'src/main.cpp')
  
C:\Users\maxch\OneDrive\Documents\IMD\2024-2025\Sensor-Based Interaction\of_v0.12.0_vs_release\of_v0.12.0_vs_release\libs\openFrameworks\math\ofMatrix4x4.h(913,11): warning C4267: 'argument': conversion from 'size_t' to 'int', possible loss of data
  (compiling source file 'src/main.cpp')
  
C:\Users\maxch\OneDrive\Documents\IMD\2024-2025\Sensor-Based Interaction\of_v0.12.0_vs_release\of_v0.12.0_vs_release\libs\openFrameworks\math\ofMatrix4x4.h(914,11): warning C4267: 'argument': conversion from 'size_t' to 'int', possible loss of data
  (compiling source file 'src/main.cpp')
  
C:\Users\maxch\OneDrive\Documents\IMD\2024-2025\Sensor-Based Interaction\of_v0.12.0_vs_release\of_v0.12.0_vs_release\libs\openFrameworks\math\ofMatrix4x4.h(915,11): warning C4267: 'argument': conversion from 'size_t' to 'int', possible loss of data
  (compiling source file 'src/main.cpp')
  
LINK : warning LNK4075: ignoring '/INCREMENTAL' due to '/FORCE' specification
  term_project.vcxproj -> C:\Users\maxch\OneDrive\Documents\IMD\2024-2025\Sensor-Based Interaction\of_v0.12.0_vs_release\of_v0.12.0_vs_release\apps\myApps\term_project\bin\term_project_debug.exe
  
  	                   2	C:\Users\maxch\OneDrive\Documents\IMD\2024-2025\Sensor-Based Interaction\of_v0.12.0_vs_release\of_v0.12.0_vs_release\libs\fmod\lib\vs\x64\
  	  *EXTRA File 		 6942208	C:\Users\maxch\OneDrive\Documents\IMD\2024-2025\Sensor-Based Interaction\of_v0.12.0_vs_release\of_v0.12.0_vs_release\apps\myApps\term_project\bin\FreeImage.dll
  
  	                   1	C:\Users\maxch\OneDrive\Documents\IMD\2024-2025\Sensor-Based Interaction\of_v0.12.0_vs_release\of_v0.12.0_vs_release\libs\FreeImage\lib\vs\x64\
  	  *EXTRA File 		 1826304	C:\Users\maxch\OneDrive\Documents\IMD\2024-2025\Sensor-Based Interaction\of_v0.12.0_vs_release\of_v0.12.0_vs_release\apps\myApps\term_project\bin\fmod.dll
  	  *EXTRA File 		 2041856	C:\Users\maxch\OneDrive\Documents\IMD\2024-2025\Sensor-Based Interaction\of_v0.12.0_vs_release\of_v0.12.0_vs_release\apps\myApps\term_project\bin\fmodL.dll
